 +-no.of pressure points per section     0
 Section hydrodynamic data?           true
 Transfer functions?                  true
 Significant amplitudes?             false
barge 
 In the following input data x,y,z are directed forward, to port side, up

 Gravity acceleration             9.807
 Water density                    1.000
 z of still waterline             2.250
 z of water bottom             -1.0E+006
 z for water drift velocity       0.000
 Wave encounter angles            0.000
 Number of sections                21
 Symmetry?                       true
 Reference draft                2.250000E+000

Section no.     1 at x= -50.000  #points=49
  0.000  0.161  0.323  0.484  0.645  0.806  0.968  1.129  1.290  1.452  1.613  1.774  1.935  2.097  2.258  2.419  2.581  2.742  2.903  3.065  3.226  3.387  3.548  3.710  3.871  4.032  4.194  4.355  4.516  4.677  4.839  5.000  5.000  5.000  5.000  5.000  5.000  5.000  5.000  5.000  5.000  5.000  5.000  5.000  5.000  5.000  5.000  5.000  5.000
  0.000 -0.542 -0.542 -0.542 -0.542 -0.542 -0.542 -0.542 -0.542 -0.542 -0.542 -0.542 -0.542 -0.542 -0.542 -0.542 -0.542 -0.542 -0.542 -0.542 -0.542 -0.542 -0.542 -0.542 -0.542 -0.542 -0.542 -0.542 -0.542 -0.542 -0.542 -0.542 -0.377 -0.213 -0.049  0.115  0.279  0.443  0.608  0.772  0.936  1.100  1.264  1.428  1.592  1.757  1.921  2.085  2.250
Section no.     2 at x= -45.000  #points=49
  0.000  0.161  0.323  0.484  0.645  0.806  0.968  1.129  1.290  1.452  1.613  1.774  1.935  2.097  2.258  2.419  2.581  2.742  2.903  3.065  3.226  3.387  3.548  3.710  3.871  4.032  4.194  4.355  4.516  4.677  4.839  5.000  5.000  5.000  5.000  5.000  5.000  5.000  5.000  5.000  5.000  5.000  5.000  5.000  5.000  5.000  5.000  5.000  5.000
  0.000 -0.487 -0.487 -0.487 -0.487 -0.487 -0.487 -0.487 -0.487 -0.487 -0.487 -0.487 -0.487 -0.487 -0.487 -0.487 -0.487 -0.487 -0.487 -0.487 -0.487 -0.487 -0.487 -0.487 -0.487 -0.487 -0.487 -0.487 -0.487 -0.487 -0.487 -0.487 -0.326 -0.165 -